<?xml version="1.0" encoding="UTF-8"?>
<!-- Generated by org.testng.reporters.JUnitReportReporter -->
<testsuite hostname="PSL-2Q47XM3" failures="1" tests="11" name="com.persistent.daisy.core.Test_Cases" time="5.581" errors="0" timestamp="2023-02-25T17:57:02 IST" skipped="9">
  <testcase classname="com.persistent.daisy.core.Test_Cases" name="Execute_Configuration" time="0.000">
    <skipped/>
  </testcase> <!-- Execute_Configuration -->
  <system-out/>
  <testcase classname="com.persistent.daisy.core.Test_Cases" name="Execute_Configuration" time="5.214">
    <failure message="Invalid locator type submit is provided. Locator Type is case sensitive. Supported Locator Types are: cssSelector, name, tag, xpath, Link, id, label_for and className. Please refer Daisy documentation for more details." type="java.lang.AssertionError">
      <![CDATA[java.lang.AssertionError: Invalid locator type submit is provided. Locator Type is case sensitive. Supported Locator Types are: cssSelector, name, tag, xpath, Link, id, label_for and className. Please refer Daisy documentation for more details.
at org.testng.Assert.fail(Assert.java:99)
at com.persistent.daisy.core.browser.SeleniumUtils.toLocator(SeleniumUtils.java:2599)
at com.persistent.daisy.core.browser.SeleniumUtils.toLocator(SeleniumUtils.java:2556)
at com.persistent.daisy.core.Executor.perform(Executor.java:877)
at com.persistent.daisy.core.Executor.execute(Executor.java:586)
at com.persistent.daisy.core.Master.execute(Master.java:453)
at com.persistent.daisy.core.Test_Cases.Execute_Configuration(Test_Cases.java:230)
at java.base/jdk.internal.reflect.NativeMethodAccessorImpl.invoke0(Native Method)
at java.base/jdk.internal.reflect.NativeMethodAccessorImpl.invoke(NativeMethodAccessorImpl.java:62)
at java.base/jdk.internal.reflect.DelegatingMethodAccessorImpl.invoke(DelegatingMethodAccessorImpl.java:43)
at java.base/java.lang.reflect.Method.invoke(Method.java:566)
at org.testng.internal.MethodInvocationHelper.invokeMethod(MethodInvocationHelper.java:132)
at org.testng.internal.TestInvoker.invokeMethod(TestInvoker.java:599)
at org.testng.internal.TestInvoker.invokeTestMethod(TestInvoker.java:174)
at org.testng.internal.MethodRunner.runInSequence(MethodRunner.java:46)
at org.testng.internal.TestInvoker$MethodInvocationAgent.invoke(TestInvoker.java:822)
at org.testng.internal.TestInvoker.invokeTestMethods(TestInvoker.java:147)
at org.testng.internal.TestMethodWorker.invokeTestMethods(TestMethodWorker.java:146)
at org.testng.internal.TestMethodWorker.run(TestMethodWorker.java:128)
at java.base/java.util.ArrayList.forEach(ArrayList.java:1540)
at org.testng.TestRunner.privateRun(TestRunner.java:764)
at org.testng.TestRunner.run(TestRunner.java:585)
at org.testng.SuiteRunner.runTest(SuiteRunner.java:384)
at org.testng.SuiteRunner.runSequentially(SuiteRunner.java:378)
at org.testng.SuiteRunner.privateRun(SuiteRunner.java:337)
at org.testng.SuiteRunner.run(SuiteRunner.java:286)
at org.testng.SuiteRunnerWorker.runSuite(SuiteRunnerWorker.java:53)
at org.testng.SuiteRunnerWorker.run(SuiteRunnerWorker.java:96)
at org.testng.TestNG.runSuitesSequentially(TestNG.java:1218)
at org.testng.TestNG.runSuitesLocally(TestNG.java:1140)
at org.testng.TestNG.runSuites(TestNG.java:1069)
at org.testng.TestNG.run(TestNG.java:1037)
at org.apache.maven.surefire.testng.TestNGExecutor.run(TestNGExecutor.java:283)
at org.apache.maven.surefire.testng.TestNGXmlTestSuite.execute(TestNGXmlTestSuite.java:75)
at org.apache.maven.surefire.testng.TestNGProvider.invoke(TestNGProvider.java:120)
at org.apache.maven.surefire.booter.ForkedBooter.runSuitesInProcess(ForkedBooter.java:377)
at org.apache.maven.surefire.booter.ForkedBooter.execute(ForkedBooter.java:138)
at org.apache.maven.surefire.booter.ForkedBooter.run(ForkedBooter.java:465)
at org.apache.maven.surefire.booter.ForkedBooter.main(ForkedBooter.java:451)
]]>
    </failure>
  </testcase> <!-- Execute_Configuration -->
  <system-out>
<a href='D:\internalProject\Scripter\Scripter\bin\Debug\net6.0/Report//Failure_ScreenShots//Default github_login14 - 2023_02_25_17_56_49//Execute_Configuration - 2023_02_25_17_56_49.png'> <img src='D:\internalProject\Scripter\Scripter\bin\Debug\net6.0/Report//Failure_ScreenShots//Default github_login14 - 2023_02_25_17_56_49//Execute_Configuration - 2023_02_25_17_56_49.png' height='100' width='100'/> </a>  </system-out>
  <testcase classname="com.persistent.daisy.core.Test_Cases" name="Execute_Configuration" time="0.001">
    <skipped/>
  </testcase> <!-- Execute_Configuration -->
  <system-out/>
  <testcase classname="com.persistent.daisy.core.Test_Cases" name="Execute_Configuration" time="0.001">
    <skipped/>
  </testcase> <!-- Execute_Configuration -->
  <system-out/>
  <testcase classname="com.persistent.daisy.core.Test_Cases" name="Execute_Configuration" time="0.001">
    <skipped/>
  </testcase> <!-- Execute_Configuration -->
  <system-out/>
  <testcase classname="com.persistent.daisy.core.Test_Cases" name="Execute_Configuration" time="0.000">
    <skipped/>
  </testcase> <!-- Execute_Configuration -->
  <system-out/>
  <testcase classname="com.persistent.daisy.core.Test_Cases" name="Execute_Configuration" time="0.001">
    <skipped/>
  </testcase> <!-- Execute_Configuration -->
  <system-out/>
  <testcase classname="com.persistent.daisy.core.Test_Cases" name="Execute_Configuration" time="0.000">
    <skipped/>
  </testcase> <!-- Execute_Configuration -->
  <system-out/>
  <testcase classname="com.persistent.daisy.core.Test_Cases" name="Execute_Configuration" time="0.001">
    <skipped/>
  </testcase> <!-- Execute_Configuration -->
  <system-out/>
  <testcase classname="com.persistent.daisy.core.Test_Cases" name="Execute_Configuration" time="0.000">
    <skipped/>
  </testcase> <!-- Execute_Configuration -->
  <system-out/>
  <testcase classname="com.persistent.daisy.core.Test_Cases" name="FailedTests" time="0.362"/>
  <system-out/>
</testsuite> <!-- com.persistent.daisy.core.Test_Cases -->
