<?xml version="1.0" encoding="UTF-8"?><testng-results failed="1" ignored="0" passed="1" skipped="6" total="8">
  <reporter-output>
  </reporter-output>
  <suite duration-ms="24428" finished-at="2023-02-24T14:28:36 IST" name="Suite" started-at="2023-02-24T14:28:12 IST">
    <groups>
    </groups>
    <test duration-ms="24428" finished-at="2023-02-24T14:28:36 IST" name="DaisyTestSetup" started-at="2023-02-24T14:28:12 IST">
      <class name="com.persistent.daisy.core.Test_Cases">
        <test-method duration-ms="557" finished-at="2023-02-24T14:28:12 IST" is-config="true" name="initialize" signature="initialize()[pri:0, instance:com.persistent.daisy.core.Test_Cases@58cbafc2]" started-at="2023-02-24T14:28:12 IST" status="PASS">
          <reporter-output>
          </reporter-output>
        </test-method> <!-- initialize -->
        <test-method data-provider="data" duration-ms="21348" finished-at="2023-02-24T14:28:35 IST" name="Execute_Configuration" signature="Execute_Configuration(java.lang.String, java.lang.String, java.lang.String, java.lang.String, java.lang.String, java.lang.String)[pri:0, instance:com.persistent.daisy.core.Test_Cases@58cbafc2]" started-at="2023-02-24T14:28:13 IST" status="FAIL">
          <params>
            <param index="0">
              <value>
                <![CDATA[Demo]]>
              </value>
            </param>
            <param index="1">
              <value>
                <![CDATA[Yes]]>
              </value>
            </param>
            <param index="2">
              <value>
                <![CDATA[No]]>
              </value>
            </param>
            <param index="3">
              <value>
                
              </value>
            </param>
            <param index="4">
              <value>
                <![CDATA[web]]>
              </value>
            </param>
            <param index="5">
              <value>
                
              </value>
            </param>
          </params>
          <exception class="java.lang.AssertionError">
            <message>
              <![CDATA[Element is not visible : By.className: slds-icon-waffle]]>
            </message>
            <full-stacktrace>
              <![CDATA[java.lang.AssertionError: Element is not visible : By.className: slds-icon-waffle
at org.testng.Assert.fail(Assert.java:99)
at com.persistent.daisy.core.browser.SeleniumUtils.waitForElementtoBeVisible(SeleniumUtils.java:1501)
at java.base/jdk.internal.reflect.NativeMethodAccessorImpl.invoke0(Native Method)
at java.base/jdk.internal.reflect.NativeMethodAccessorImpl.invoke(NativeMethodAccessorImpl.java:62)
at java.base/jdk.internal.reflect.DelegatingMethodAccessorImpl.invoke(DelegatingMethodAccessorImpl.java:43)
at java.base/java.lang.reflect.Method.invoke(Method.java:566)
at com.persistent.daisy.core.seleniumcommands.MapCreation.invoke(MapCreation.java:94)
at com.sun.proxy.$Proxy29.waitForElementtoBeVisible(Unknown Source)
at com.persistent.daisy.ext.uielement.CommandHandler.handle(CommandHandler.java:1724)
at com.persistent.daisy.core.ExtLoader.findCommandInChain(ExtLoader.java:187)
at com.persistent.daisy.core.browser.SeleniumUtils.performActions(SeleniumUtils.java:2505)
at com.persistent.daisy.core.Executor.perform(Executor.java:877)
at com.persistent.daisy.core.Executor.forLoop(Executor.java:1598)
at com.persistent.daisy.core.Executor.execute(Executor.java:539)
at com.persistent.daisy.core.Master.execute(Master.java:453)
at com.persistent.daisy.core.Test_Cases.Execute_Configuration(Test_Cases.java:230)
at java.base/jdk.internal.reflect.NativeMethodAccessorImpl.invoke0(Native Method)
at java.base/jdk.internal.reflect.NativeMethodAccessorImpl.invoke(NativeMethodAccessorImpl.java:62)
at java.base/jdk.internal.reflect.DelegatingMethodAccessorImpl.invoke(DelegatingMethodAccessorImpl.java:43)
at java.base/java.lang.reflect.Method.invoke(Method.java:566)
at org.testng.internal.MethodInvocationHelper.invokeMethod(MethodInvocationHelper.java:132)
at org.testng.internal.TestInvoker.invokeMethod(TestInvoker.java:599)
at org.testng.internal.TestInvoker.invokeTestMethod(TestInvoker.java:174)
at org.testng.internal.MethodRunner.runInSequence(MethodRunner.java:46)
at org.testng.internal.TestInvoker$MethodInvocationAgent.invoke(TestInvoker.java:822)
at org.testng.internal.TestInvoker.invokeTestMethods(TestInvoker.java:147)
at org.testng.internal.TestMethodWorker.invokeTestMethods(TestMethodWorker.java:146)
at org.testng.internal.TestMethodWorker.run(TestMethodWorker.java:128)
at java.base/java.util.ArrayList.forEach(ArrayList.java:1540)
at org.testng.TestRunner.privateRun(TestRunner.java:764)
at org.testng.TestRunner.run(TestRunner.java:585)
at org.testng.SuiteRunner.runTest(SuiteRunner.java:384)
at org.testng.SuiteRunner.runSequentially(SuiteRunner.java:378)
at org.testng.SuiteRunner.privateRun(SuiteRunner.java:337)
at org.testng.SuiteRunner.run(SuiteRunner.java:286)
at org.testng.SuiteRunnerWorker.runSuite(SuiteRunnerWorker.java:53)
at org.testng.SuiteRunnerWorker.run(SuiteRunnerWorker.java:96)
at org.testng.TestNG.runSuitesSequentially(TestNG.java:1218)
at org.testng.TestNG.runSuitesLocally(TestNG.java:1140)
at org.testng.TestNG.runSuites(TestNG.java:1069)
at org.testng.TestNG.run(TestNG.java:1037)
at org.apache.maven.surefire.testng.TestNGExecutor.run(TestNGExecutor.java:283)
at org.apache.maven.surefire.testng.TestNGXmlTestSuite.execute(TestNGXmlTestSuite.java:75)
at org.apache.maven.surefire.testng.TestNGProvider.invoke(TestNGProvider.java:120)
at org.apache.maven.surefire.booter.ForkedBooter.runSuitesInProcess(ForkedBooter.java:377)
at org.apache.maven.surefire.booter.ForkedBooter.execute(ForkedBooter.java:138)
at org.apache.maven.surefire.booter.ForkedBooter.run(ForkedBooter.java:465)
at org.apache.maven.surefire.booter.ForkedBooter.main(ForkedBooter.java:451)
]]>
            </full-stacktrace>
          </exception> <!-- java.lang.AssertionError -->
          <reporter-output>
          </reporter-output>
        </test-method> <!-- Execute_Configuration -->
        <test-method duration-ms="501" finished-at="2023-02-24T14:28:35 IST" is-config="true" name="logFail" signature="logFail(org.testng.ITestResult)[pri:0, instance:com.persistent.daisy.core.Test_Cases@58cbafc2]" started-at="2023-02-24T14:28:35 IST" status="PASS">
          <params>
            <param index="0">
              <value>
                <![CDATA[[TestResult name=Execute_Configuration status=FAILURE method=Test_Cases.Execute_Configuration(java.lang.String, java.lang.String, java.lang.String, java.lang.String, java.lang.String, java.lang.String)[pri:0, instance:com.persistent.daisy.core.Test_Cases@58cbafc2] output={null}]]]>
              </value>
            </param>
          </params>
          <reporter-output>
          </reporter-output>
        </test-method> <!-- logFail -->
        <test-method data-provider="data" duration-ms="1" finished-at="2023-02-24T14:28:35 IST" name="Execute_Configuration" signature="Execute_Configuration(java.lang.String, java.lang.String, java.lang.String, java.lang.String, java.lang.String, java.lang.String)[pri:0, instance:com.persistent.daisy.core.Test_Cases@58cbafc2]" started-at="2023-02-24T14:28:35 IST" status="SKIP">
          <params>
            <param index="0">
              <value>
                <![CDATA[DemoLogin]]>
              </value>
            </param>
            <param index="1">
              <value>
                <![CDATA[No]]>
              </value>
            </param>
            <param index="2">
              <value>
                <![CDATA[No]]>
              </value>
            </param>
            <param index="3">
              <value>
                <![CDATA[DataFile_DemoLogin]]>
              </value>
            </param>
            <param index="4">
              <value>
                
              </value>
            </param>
            <param index="5">
              <value>
                
              </value>
            </param>
          </params>
          <exception class="org.testng.SkipException">
            <message>
              <![CDATA[Skipping the execution of file DemoLogin as Execute flag set to No]]>
            </message>
            <full-stacktrace>
              <![CDATA[org.testng.SkipException: Skipping the execution of file DemoLogin as Execute flag set to No
at com.persistent.daisy.core.Master.execute(Master.java:491)
at com.persistent.daisy.core.Test_Cases.Execute_Configuration(Test_Cases.java:230)
at java.base/jdk.internal.reflect.NativeMethodAccessorImpl.invoke0(Native Method)
at java.base/jdk.internal.reflect.NativeMethodAccessorImpl.invoke(NativeMethodAccessorImpl.java:62)
at java.base/jdk.internal.reflect.DelegatingMethodAccessorImpl.invoke(DelegatingMethodAccessorImpl.java:43)
at java.base/java.lang.reflect.Method.invoke(Method.java:566)
at org.testng.internal.MethodInvocationHelper.invokeMethod(MethodInvocationHelper.java:132)
at org.testng.internal.TestInvoker.invokeMethod(TestInvoker.java:599)
at org.testng.internal.TestInvoker.invokeTestMethod(TestInvoker.java:174)
at org.testng.internal.MethodRunner.runInSequence(MethodRunner.java:46)
at org.testng.internal.TestInvoker$MethodInvocationAgent.invoke(TestInvoker.java:822)
at org.testng.internal.TestInvoker.invokeTestMethods(TestInvoker.java:147)
at org.testng.internal.TestMethodWorker.invokeTestMethods(TestMethodWorker.java:146)
at org.testng.internal.TestMethodWorker.run(TestMethodWorker.java:128)
at java.base/java.util.ArrayList.forEach(ArrayList.java:1540)
at org.testng.TestRunner.privateRun(TestRunner.java:764)
at org.testng.TestRunner.run(TestRunner.java:585)
at org.testng.SuiteRunner.runTest(SuiteRunner.java:384)
at org.testng.SuiteRunner.runSequentially(SuiteRunner.java:378)
at org.testng.SuiteRunner.privateRun(SuiteRunner.java:337)
at org.testng.SuiteRunner.run(SuiteRunner.java:286)
at org.testng.SuiteRunnerWorker.runSuite(SuiteRunnerWorker.java:53)
at org.testng.SuiteRunnerWorker.run(SuiteRunnerWorker.java:96)
at org.testng.TestNG.runSuitesSequentially(TestNG.java:1218)
at org.testng.TestNG.runSuitesLocally(TestNG.java:1140)
at org.testng.TestNG.runSuites(TestNG.java:1069)
at org.testng.TestNG.run(TestNG.java:1037)
at org.apache.maven.surefire.testng.TestNGExecutor.run(TestNGExecutor.java:283)
at org.apache.maven.surefire.testng.TestNGXmlTestSuite.execute(TestNGXmlTestSuite.java:75)
at org.apache.maven.surefire.testng.TestNGProvider.invoke(TestNGProvider.java:120)
at org.apache.maven.surefire.booter.ForkedBooter.runSuitesInProcess(ForkedBooter.java:377)
at org.apache.maven.surefire.booter.ForkedBooter.execute(ForkedBooter.java:138)
at org.apache.maven.surefire.booter.ForkedBooter.run(ForkedBooter.java:465)
at org.apache.maven.surefire.booter.ForkedBooter.main(ForkedBooter.java:451)
]]>
            </full-stacktrace>
          </exception> <!-- org.testng.SkipException -->
          <reporter-output>
          </reporter-output>
        </test-method> <!-- Execute_Configuration -->
        <test-method duration-ms="1" finished-at="2023-02-24T14:28:35 IST" is-config="true" name="logFail" signature="logFail(org.testng.ITestResult)[pri:0, instance:com.persistent.daisy.core.Test_Cases@58cbafc2]" started-at="2023-02-24T14:28:35 IST" status="PASS">
          <params>
            <param index="0">
              <value>
                <![CDATA[[TestResult name=Execute_Configuration status=SKIP method=Test_Cases.Execute_Configuration(java.lang.String, java.lang.String, java.lang.String, java.lang.String, java.lang.String, java.lang.String)[pri:0, instance:com.persistent.daisy.core.Test_Cases@58cbafc2] output={null}]]]>
              </value>
            </param>
          </params>
          <reporter-output>
          </reporter-output>
        </test-method> <!-- logFail -->
        <test-method data-provider="data" duration-ms="1" finished-at="2023-02-24T14:28:35 IST" name="Execute_Configuration" signature="Execute_Configuration(java.lang.String, java.lang.String, java.lang.String, java.lang.String, java.lang.String, java.lang.String)[pri:0, instance:com.persistent.daisy.core.Test_Cases@58cbafc2]" started-at="2023-02-24T14:28:35 IST" status="SKIP">
          <params>
            <param index="0">
              <value>
                <![CDATA[DemoSequenceExecution1]]>
              </value>
            </param>
            <param index="1">
              <value>
                <![CDATA[No]]>
              </value>
            </param>
            <param index="2">
              <value>
                <![CDATA[No]]>
              </value>
            </param>
            <param index="3">
              <value>
                
              </value>
            </param>
            <param index="4">
              <value>
                <![CDATA[Mobile]]>
              </value>
            </param>
            <param index="5">
              <value>
                
              </value>
            </param>
          </params>
          <exception class="org.testng.SkipException">
            <message>
              <![CDATA[Skipping the execution of file DemoSequenceExecution1 as Execute flag set to No]]>
            </message>
            <full-stacktrace>
              <![CDATA[org.testng.SkipException: Skipping the execution of file DemoSequenceExecution1 as Execute flag set to No
at com.persistent.daisy.core.Master.execute(Master.java:491)
at com.persistent.daisy.core.Test_Cases.Execute_Configuration(Test_Cases.java:230)
at java.base/jdk.internal.reflect.NativeMethodAccessorImpl.invoke0(Native Method)
at java.base/jdk.internal.reflect.NativeMethodAccessorImpl.invoke(NativeMethodAccessorImpl.java:62)
at java.base/jdk.internal.reflect.DelegatingMethodAccessorImpl.invoke(DelegatingMethodAccessorImpl.java:43)
at java.base/java.lang.reflect.Method.invoke(Method.java:566)
at org.testng.internal.MethodInvocationHelper.invokeMethod(MethodInvocationHelper.java:132)
at org.testng.internal.TestInvoker.invokeMethod(TestInvoker.java:599)
at org.testng.internal.TestInvoker.invokeTestMethod(TestInvoker.java:174)
at org.testng.internal.MethodRunner.runInSequence(MethodRunner.java:46)
at org.testng.internal.TestInvoker$MethodInvocationAgent.invoke(TestInvoker.java:822)
at org.testng.internal.TestInvoker.invokeTestMethods(TestInvoker.java:147)
at org.testng.internal.TestMethodWorker.invokeTestMethods(TestMethodWorker.java:146)
at org.testng.internal.TestMethodWorker.run(TestMethodWorker.java:128)
at java.base/java.util.ArrayList.forEach(ArrayList.java:1540)
at org.testng.TestRunner.privateRun(TestRunner.java:764)
at org.testng.TestRunner.run(TestRunner.java:585)
at org.testng.SuiteRunner.runTest(SuiteRunner.java:384)
at org.testng.SuiteRunner.runSequentially(SuiteRunner.java:378)
at org.testng.SuiteRunner.privateRun(SuiteRunner.java:337)
at org.testng.SuiteRunner.run(SuiteRunner.java:286)
at org.testng.SuiteRunnerWorker.runSuite(SuiteRunnerWorker.java:53)
at org.testng.SuiteRunnerWorker.run(SuiteRunnerWorker.java:96)
at org.testng.TestNG.runSuitesSequentially(TestNG.java:1218)
at org.testng.TestNG.runSuitesLocally(TestNG.java:1140)
at org.testng.TestNG.runSuites(TestNG.java:1069)
at org.testng.TestNG.run(TestNG.java:1037)
at org.apache.maven.surefire.testng.TestNGExecutor.run(TestNGExecutor.java:283)
at org.apache.maven.surefire.testng.TestNGXmlTestSuite.execute(TestNGXmlTestSuite.java:75)
at org.apache.maven.surefire.testng.TestNGProvider.invoke(TestNGProvider.java:120)
at org.apache.maven.surefire.booter.ForkedBooter.runSuitesInProcess(ForkedBooter.java:377)
at org.apache.maven.surefire.booter.ForkedBooter.execute(ForkedBooter.java:138)
at org.apache.maven.surefire.booter.ForkedBooter.run(ForkedBooter.java:465)
at org.apache.maven.surefire.booter.ForkedBooter.main(ForkedBooter.java:451)
]]>
            </full-stacktrace>
          </exception> <!-- org.testng.SkipException -->
          <reporter-output>
          </reporter-output>
        </test-method> <!-- Execute_Configuration -->
        <test-method data-provider="data" duration-ms="0" finished-at="2023-02-24T14:28:35 IST" name="Execute_Configuration" signature="Execute_Configuration(java.lang.String, java.lang.String, java.lang.String, java.lang.String, java.lang.String, java.lang.String)[pri:0, instance:com.persistent.daisy.core.Test_Cases@58cbafc2]" started-at="2023-02-24T14:28:35 IST" status="SKIP">
          <params>
            <param index="0">
              <value>
                <![CDATA[DemoSequenceExecution2]]>
              </value>
            </param>
            <param index="1">
              <value>
                <![CDATA[No]]>
              </value>
            </param>
            <param index="2">
              <value>
                <![CDATA[No]]>
              </value>
            </param>
            <param index="3">
              <value>
                
              </value>
            </param>
            <param index="4">
              <value>
                
              </value>
            </param>
            <param index="5">
              <value>
                
              </value>
            </param>
          </params>
          <exception class="org.testng.SkipException">
            <message>
              <![CDATA[Skipping the execution of file DemoSequenceExecution2 as Execute flag set to No]]>
            </message>
            <full-stacktrace>
              <![CDATA[org.testng.SkipException: Skipping the execution of file DemoSequenceExecution2 as Execute flag set to No
at com.persistent.daisy.core.Master.execute(Master.java:491)
at com.persistent.daisy.core.Test_Cases.Execute_Configuration(Test_Cases.java:230)
at java.base/jdk.internal.reflect.NativeMethodAccessorImpl.invoke0(Native Method)
at java.base/jdk.internal.reflect.NativeMethodAccessorImpl.invoke(NativeMethodAccessorImpl.java:62)
at java.base/jdk.internal.reflect.DelegatingMethodAccessorImpl.invoke(DelegatingMethodAccessorImpl.java:43)
at java.base/java.lang.reflect.Method.invoke(Method.java:566)
at org.testng.internal.MethodInvocationHelper.invokeMethod(MethodInvocationHelper.java:132)
at org.testng.internal.TestInvoker.invokeMethod(TestInvoker.java:599)
at org.testng.internal.TestInvoker.invokeTestMethod(TestInvoker.java:174)
at org.testng.internal.MethodRunner.runInSequence(MethodRunner.java:46)
at org.testng.internal.TestInvoker$MethodInvocationAgent.invoke(TestInvoker.java:822)
at org.testng.internal.TestInvoker.invokeTestMethods(TestInvoker.java:147)
at org.testng.internal.TestMethodWorker.invokeTestMethods(TestMethodWorker.java:146)
at org.testng.internal.TestMethodWorker.run(TestMethodWorker.java:128)
at java.base/java.util.ArrayList.forEach(ArrayList.java:1540)
at org.testng.TestRunner.privateRun(TestRunner.java:764)
at org.testng.TestRunner.run(TestRunner.java:585)
at org.testng.SuiteRunner.runTest(SuiteRunner.java:384)
at org.testng.SuiteRunner.runSequentially(SuiteRunner.java:378)
at org.testng.SuiteRunner.privateRun(SuiteRunner.java:337)
at org.testng.SuiteRunner.run(SuiteRunner.java:286)
at org.testng.SuiteRunnerWorker.runSuite(SuiteRunnerWorker.java:53)
at org.testng.SuiteRunnerWorker.run(SuiteRunnerWorker.java:96)
at org.testng.TestNG.runSuitesSequentially(TestNG.java:1218)
at org.testng.TestNG.runSuitesLocally(TestNG.java:1140)
at org.testng.TestNG.runSuites(TestNG.java:1069)
at org.testng.TestNG.run(TestNG.java:1037)
at org.apache.maven.surefire.testng.TestNGExecutor.run(TestNGExecutor.java:283)
at org.apache.maven.surefire.testng.TestNGXmlTestSuite.execute(TestNGXmlTestSuite.java:75)
at org.apache.maven.surefire.testng.TestNGProvider.invoke(TestNGProvider.java:120)
at org.apache.maven.surefire.booter.ForkedBooter.runSuitesInProcess(ForkedBooter.java:377)
at org.apache.maven.surefire.booter.ForkedBooter.execute(ForkedBooter.java:138)
at org.apache.maven.surefire.booter.ForkedBooter.run(ForkedBooter.java:465)
at org.apache.maven.surefire.booter.ForkedBooter.main(ForkedBooter.java:451)
]]>
            </full-stacktrace>
          </exception> <!-- org.testng.SkipException -->
          <reporter-output>
          </reporter-output>
        </test-method> <!-- Execute_Configuration -->
        <test-method duration-ms="0" finished-at="2023-02-24T14:28:35 IST" is-config="true" name="logFail" signature="logFail(org.testng.ITestResult)[pri:0, instance:com.persistent.daisy.core.Test_Cases@58cbafc2]" started-at="2023-02-24T14:28:35 IST" status="PASS">
          <params>
            <param index="0">
              <value>
                <![CDATA[[TestResult name=Execute_Configuration status=SKIP method=Test_Cases.Execute_Configuration(java.lang.String, java.lang.String, java.lang.String, java.lang.String, java.lang.String, java.lang.String)[pri:0, instance:com.persistent.daisy.core.Test_Cases@58cbafc2] output={null}]]]>
              </value>
            </param>
          </params>
          <reporter-output>
          </reporter-output>
        </test-method> <!-- logFail -->
        <test-method data-provider="data" duration-ms="1" finished-at="2023-02-24T14:28:35 IST" name="Execute_Configuration" signature="Execute_Configuration(java.lang.String, java.lang.String, java.lang.String, java.lang.String, java.lang.String, java.lang.String)[pri:0, instance:com.persistent.daisy.core.Test_Cases@58cbafc2]" started-at="2023-02-24T14:28:35 IST" status="SKIP">
          <params>
            <param index="0">
              <value>
                <![CDATA[DemoSequenceExecution3]]>
              </value>
            </param>
            <param index="1">
              <value>
                <![CDATA[No]]>
              </value>
            </param>
            <param index="2">
              <value>
                <![CDATA[No]]>
              </value>
            </param>
            <param index="3">
              <value>
                
              </value>
            </param>
            <param index="4">
              <value>
                
              </value>
            </param>
            <param index="5">
              <value>
                
              </value>
            </param>
          </params>
          <exception class="org.testng.SkipException">
            <message>
              <![CDATA[Skipping the execution of file DemoSequenceExecution3 as Execute flag set to No]]>
            </message>
            <full-stacktrace>
              <![CDATA[org.testng.SkipException: Skipping the execution of file DemoSequenceExecution3 as Execute flag set to No
at com.persistent.daisy.core.Master.execute(Master.java:491)
at com.persistent.daisy.core.Test_Cases.Execute_Configuration(Test_Cases.java:230)
at java.base/jdk.internal.reflect.NativeMethodAccessorImpl.invoke0(Native Method)
at java.base/jdk.internal.reflect.NativeMethodAccessorImpl.invoke(NativeMethodAccessorImpl.java:62)
at java.base/jdk.internal.reflect.DelegatingMethodAccessorImpl.invoke(DelegatingMethodAccessorImpl.java:43)
at java.base/java.lang.reflect.Method.invoke(Method.java:566)
at org.testng.internal.MethodInvocationHelper.invokeMethod(MethodInvocationHelper.java:132)
at org.testng.internal.TestInvoker.invokeMethod(TestInvoker.java:599)
at org.testng.internal.TestInvoker.invokeTestMethod(TestInvoker.java:174)
at org.testng.internal.MethodRunner.runInSequence(MethodRunner.java:46)
at org.testng.internal.TestInvoker$MethodInvocationAgent.invoke(TestInvoker.java:822)
at org.testng.internal.TestInvoker.invokeTestMethods(TestInvoker.java:147)
at org.testng.internal.TestMethodWorker.invokeTestMethods(TestMethodWorker.java:146)
at org.testng.internal.TestMethodWorker.run(TestMethodWorker.java:128)
at java.base/java.util.ArrayList.forEach(ArrayList.java:1540)
at org.testng.TestRunner.privateRun(TestRunner.java:764)
at org.testng.TestRunner.run(TestRunner.java:585)
at org.testng.SuiteRunner.runTest(SuiteRunner.java:384)
at org.testng.SuiteRunner.runSequentially(SuiteRunner.java:378)
at org.testng.SuiteRunner.privateRun(SuiteRunner.java:337)
at org.testng.SuiteRunner.run(SuiteRunner.java:286)
at org.testng.SuiteRunnerWorker.runSuite(SuiteRunnerWorker.java:53)
at org.testng.SuiteRunnerWorker.run(SuiteRunnerWorker.java:96)
at org.testng.TestNG.runSuitesSequentially(TestNG.java:1218)
at org.testng.TestNG.runSuitesLocally(TestNG.java:1140)
at org.testng.TestNG.runSuites(TestNG.java:1069)
at org.testng.TestNG.run(TestNG.java:1037)
at org.apache.maven.surefire.testng.TestNGExecutor.run(TestNGExecutor.java:283)
at org.apache.maven.surefire.testng.TestNGXmlTestSuite.execute(TestNGXmlTestSuite.java:75)
at org.apache.maven.surefire.testng.TestNGProvider.invoke(TestNGProvider.java:120)
at org.apache.maven.surefire.booter.ForkedBooter.runSuitesInProcess(ForkedBooter.java:377)
at org.apache.maven.surefire.booter.ForkedBooter.execute(ForkedBooter.java:138)
at org.apache.maven.surefire.booter.ForkedBooter.run(ForkedBooter.java:465)
at org.apache.maven.surefire.booter.ForkedBooter.main(ForkedBooter.java:451)
]]>
            </full-stacktrace>
          </exception> <!-- org.testng.SkipException -->
          <reporter-output>
          </reporter-output>
        </test-method> <!-- Execute_Configuration -->
        <test-method duration-ms="0" finished-at="2023-02-24T14:28:35 IST" is-config="true" name="logFail" signature="logFail(org.testng.ITestResult)[pri:0, instance:com.persistent.daisy.core.Test_Cases@58cbafc2]" started-at="2023-02-24T14:28:35 IST" status="PASS">
          <params>
            <param index="0">
              <value>
                <![CDATA[[TestResult name=Execute_Configuration status=SKIP method=Test_Cases.Execute_Configuration(java.lang.String, java.lang.String, java.lang.String, java.lang.String, java.lang.String, java.lang.String)[pri:0, instance:com.persistent.daisy.core.Test_Cases@58cbafc2] output={null}]]]>
              </value>
            </param>
          </params>
          <reporter-output>
          </reporter-output>
        </test-method> <!-- logFail -->
        <test-method duration-ms="0" finished-at="2023-02-24T14:28:35 IST" is-config="true" name="logFail" signature="logFail(org.testng.ITestResult)[pri:0, instance:com.persistent.daisy.core.Test_Cases@58cbafc2]" started-at="2023-02-24T14:28:35 IST" status="PASS">
          <params>
            <param index="0">
              <value>
                <![CDATA[[TestResult name=Execute_Configuration status=SKIP method=Test_Cases.Execute_Configuration(java.lang.String, java.lang.String, java.lang.String, java.lang.String, java.lang.String, java.lang.String)[pri:0, instance:com.persistent.daisy.core.Test_Cases@58cbafc2] output={null}]]]>
              </value>
            </param>
          </params>
          <reporter-output>
          </reporter-output>
        </test-method> <!-- logFail -->
        <test-method data-provider="data" duration-ms="0" finished-at="2023-02-24T14:28:35 IST" name="Execute_Configuration" signature="Execute_Configuration(java.lang.String, java.lang.String, java.lang.String, java.lang.String, java.lang.String, java.lang.String)[pri:0, instance:com.persistent.daisy.core.Test_Cases@58cbafc2]" started-at="2023-02-24T14:28:35 IST" status="SKIP">
          <params>
            <param index="0">
              <value>
                <![CDATA[DemoSequenceExecution4]]>
              </value>
            </param>
            <param index="1">
              <value>
                <![CDATA[No]]>
              </value>
            </param>
            <param index="2">
              <value>
                <![CDATA[No]]>
              </value>
            </param>
            <param index="3">
              <value>
                
              </value>
            </param>
            <param index="4">
              <value>
                
              </value>
            </param>
            <param index="5">
              <value>
                
              </value>
            </param>
          </params>
          <exception class="org.testng.SkipException">
            <message>
              <![CDATA[Skipping the execution of file DemoSequenceExecution4 as Execute flag set to No]]>
            </message>
            <full-stacktrace>
              <![CDATA[org.testng.SkipException: Skipping the execution of file DemoSequenceExecution4 as Execute flag set to No
at com.persistent.daisy.core.Master.execute(Master.java:491)
at com.persistent.daisy.core.Test_Cases.Execute_Configuration(Test_Cases.java:230)
at java.base/jdk.internal.reflect.NativeMethodAccessorImpl.invoke0(Native Method)
at java.base/jdk.internal.reflect.NativeMethodAccessorImpl.invoke(NativeMethodAccessorImpl.java:62)
at java.base/jdk.internal.reflect.DelegatingMethodAccessorImpl.invoke(DelegatingMethodAccessorImpl.java:43)
at java.base/java.lang.reflect.Method.invoke(Method.java:566)
at org.testng.internal.MethodInvocationHelper.invokeMethod(MethodInvocationHelper.java:132)
at org.testng.internal.TestInvoker.invokeMethod(TestInvoker.java:599)
at org.testng.internal.TestInvoker.invokeTestMethod(TestInvoker.java:174)
at org.testng.internal.MethodRunner.runInSequence(MethodRunner.java:46)
at org.testng.internal.TestInvoker$MethodInvocationAgent.invoke(TestInvoker.java:822)
at org.testng.internal.TestInvoker.invokeTestMethods(TestInvoker.java:147)
at org.testng.internal.TestMethodWorker.invokeTestMethods(TestMethodWorker.java:146)
at org.testng.internal.TestMethodWorker.run(TestMethodWorker.java:128)
at java.base/java.util.ArrayList.forEach(ArrayList.java:1540)
at org.testng.TestRunner.privateRun(TestRunner.java:764)
at org.testng.TestRunner.run(TestRunner.java:585)
at org.testng.SuiteRunner.runTest(SuiteRunner.java:384)
at org.testng.SuiteRunner.runSequentially(SuiteRunner.java:378)
at org.testng.SuiteRunner.privateRun(SuiteRunner.java:337)
at org.testng.SuiteRunner.run(SuiteRunner.java:286)
at org.testng.SuiteRunnerWorker.runSuite(SuiteRunnerWorker.java:53)
at org.testng.SuiteRunnerWorker.run(SuiteRunnerWorker.java:96)
at org.testng.TestNG.runSuitesSequentially(TestNG.java:1218)
at org.testng.TestNG.runSuitesLocally(TestNG.java:1140)
at org.testng.TestNG.runSuites(TestNG.java:1069)
at org.testng.TestNG.run(TestNG.java:1037)
at org.apache.maven.surefire.testng.TestNGExecutor.run(TestNGExecutor.java:283)
at org.apache.maven.surefire.testng.TestNGXmlTestSuite.execute(TestNGXmlTestSuite.java:75)
at org.apache.maven.surefire.testng.TestNGProvider.invoke(TestNGProvider.java:120)
at org.apache.maven.surefire.booter.ForkedBooter.runSuitesInProcess(ForkedBooter.java:377)
at org.apache.maven.surefire.booter.ForkedBooter.execute(ForkedBooter.java:138)
at org.apache.maven.surefire.booter.ForkedBooter.run(ForkedBooter.java:465)
at org.apache.maven.surefire.booter.ForkedBooter.main(ForkedBooter.java:451)
]]>
            </full-stacktrace>
          </exception> <!-- org.testng.SkipException -->
          <reporter-output>
          </reporter-output>
        </test-method> <!-- Execute_Configuration -->
        <test-method duration-ms="0" finished-at="2023-02-24T14:28:35 IST" is-config="true" name="logFail" signature="logFail(org.testng.ITestResult)[pri:0, instance:com.persistent.daisy.core.Test_Cases@58cbafc2]" started-at="2023-02-24T14:28:35 IST" status="PASS">
          <params>
            <param index="0">
              <value>
                <![CDATA[[TestResult name=Execute_Configuration status=SKIP method=Test_Cases.Execute_Configuration(java.lang.String, java.lang.String, java.lang.String, java.lang.String, java.lang.String, java.lang.String)[pri:0, instance:com.persistent.daisy.core.Test_Cases@58cbafc2] output={null}]]]>
              </value>
            </param>
          </params>
          <reporter-output>
          </reporter-output>
        </test-method> <!-- logFail -->
        <test-method duration-ms="0" finished-at="2023-02-24T14:28:35 IST" is-config="true" name="logFail" signature="logFail(org.testng.ITestResult)[pri:0, instance:com.persistent.daisy.core.Test_Cases@58cbafc2]" started-at="2023-02-24T14:28:35 IST" status="PASS">
          <params>
            <param index="0">
              <value>
                <![CDATA[[TestResult name=Execute_Configuration status=SKIP method=Test_Cases.Execute_Configuration(java.lang.String, java.lang.String, java.lang.String, java.lang.String, java.lang.String, java.lang.String)[pri:0, instance:com.persistent.daisy.core.Test_Cases@58cbafc2] output={null}]]]>
              </value>
            </param>
          </params>
          <reporter-output>
          </reporter-output>
        </test-method> <!-- logFail -->
        <test-method data-provider="data" duration-ms="0" finished-at="2023-02-24T14:28:35 IST" name="Execute_Configuration" signature="Execute_Configuration(java.lang.String, java.lang.String, java.lang.String, java.lang.String, java.lang.String, java.lang.String)[pri:0, instance:com.persistent.daisy.core.Test_Cases@58cbafc2]" started-at="2023-02-24T14:28:35 IST" status="SKIP">
          <params>
            <param index="0">
              <value>
                <![CDATA[api-demos-MobileAutomation Nativeapp]]>
              </value>
            </param>
            <param index="1">
              <value>
                <![CDATA[No]]>
              </value>
            </param>
            <param index="2">
              <value>
                <![CDATA[No]]>
              </value>
            </param>
            <param index="3">
              <value>
                
              </value>
            </param>
            <param index="4">
              <value>
                <![CDATA[Mobile]]>
              </value>
            </param>
            <param index="5">
              <value>
                
              </value>
            </param>
          </params>
          <exception class="org.testng.SkipException">
            <message>
              <![CDATA[Skipping the execution of file api-demos-MobileAutomation Nativeapp as Execute flag set to No]]>
            </message>
            <full-stacktrace>
              <![CDATA[org.testng.SkipException: Skipping the execution of file api-demos-MobileAutomation Nativeapp as Execute flag set to No
at com.persistent.daisy.core.Master.execute(Master.java:491)
at com.persistent.daisy.core.Test_Cases.Execute_Configuration(Test_Cases.java:230)
at java.base/jdk.internal.reflect.NativeMethodAccessorImpl.invoke0(Native Method)
at java.base/jdk.internal.reflect.NativeMethodAccessorImpl.invoke(NativeMethodAccessorImpl.java:62)
at java.base/jdk.internal.reflect.DelegatingMethodAccessorImpl.invoke(DelegatingMethodAccessorImpl.java:43)
at java.base/java.lang.reflect.Method.invoke(Method.java:566)
at org.testng.internal.MethodInvocationHelper.invokeMethod(MethodInvocationHelper.java:132)
at org.testng.internal.TestInvoker.invokeMethod(TestInvoker.java:599)
at org.testng.internal.TestInvoker.invokeTestMethod(TestInvoker.java:174)
at org.testng.internal.MethodRunner.runInSequence(MethodRunner.java:46)
at org.testng.internal.TestInvoker$MethodInvocationAgent.invoke(TestInvoker.java:822)
at org.testng.internal.TestInvoker.invokeTestMethods(TestInvoker.java:147)
at org.testng.internal.TestMethodWorker.invokeTestMethods(TestMethodWorker.java:146)
at org.testng.internal.TestMethodWorker.run(TestMethodWorker.java:128)
at java.base/java.util.ArrayList.forEach(ArrayList.java:1540)
at org.testng.TestRunner.privateRun(TestRunner.java:764)
at org.testng.TestRunner.run(TestRunner.java:585)
at org.testng.SuiteRunner.runTest(SuiteRunner.java:384)
at org.testng.SuiteRunner.runSequentially(SuiteRunner.java:378)
at org.testng.SuiteRunner.privateRun(SuiteRunner.java:337)
at org.testng.SuiteRunner.run(SuiteRunner.java:286)
at org.testng.SuiteRunnerWorker.runSuite(SuiteRunnerWorker.java:53)
at org.testng.SuiteRunnerWorker.run(SuiteRunnerWorker.java:96)
at org.testng.TestNG.runSuitesSequentially(TestNG.java:1218)
at org.testng.TestNG.runSuitesLocally(TestNG.java:1140)
at org.testng.TestNG.runSuites(TestNG.java:1069)
at org.testng.TestNG.run(TestNG.java:1037)
at org.apache.maven.surefire.testng.TestNGExecutor.run(TestNGExecutor.java:283)
at org.apache.maven.surefire.testng.TestNGXmlTestSuite.execute(TestNGXmlTestSuite.java:75)
at org.apache.maven.surefire.testng.TestNGProvider.invoke(TestNGProvider.java:120)
at org.apache.maven.surefire.booter.ForkedBooter.runSuitesInProcess(ForkedBooter.java:377)
at org.apache.maven.surefire.booter.ForkedBooter.execute(ForkedBooter.java:138)
at org.apache.maven.surefire.booter.ForkedBooter.run(ForkedBooter.java:465)
at org.apache.maven.surefire.booter.ForkedBooter.main(ForkedBooter.java:451)
]]>
            </full-stacktrace>
          </exception> <!-- org.testng.SkipException -->
          <reporter-output>
          </reporter-output>
        </test-method> <!-- Execute_Configuration -->
        <test-method data-provider="failed" duration-ms="0" finished-at="2023-02-24T14:28:35 IST" name="FailedTests" signature="FailedTests(java.lang.String, java.lang.String, java.lang.String, java.lang.String, java.lang.String, java.lang.String)[pri:1, instance:com.persistent.daisy.core.Test_Cases@58cbafc2]" started-at="2023-02-24T14:28:35 IST" status="PASS">
          <params>
            <param index="0">
              <value>
                <![CDATA[Disable]]>
              </value>
            </param>
            <param index="1">
              <value is-null="true"/>
            </param>
            <param index="2">
              <value is-null="true"/>
            </param>
            <param index="3">
              <value is-null="true"/>
            </param>
            <param index="4">
              <value is-null="true"/>
            </param>
            <param index="5">
              <value is-null="true"/>
            </param>
          </params>
          <reporter-output>
          </reporter-output>
        </test-method> <!-- FailedTests -->
        <test-method duration-ms="1" finished-at="2023-02-24T14:28:35 IST" is-config="true" name="logFail" signature="logFail(org.testng.ITestResult)[pri:0, instance:com.persistent.daisy.core.Test_Cases@58cbafc2]" started-at="2023-02-24T14:28:35 IST" status="PASS">
          <params>
            <param index="0">
              <value>
                <![CDATA[[TestResult name=FailedTests status=SUCCESS method=Test_Cases.FailedTests(java.lang.String, java.lang.String, java.lang.String, java.lang.String, java.lang.String, java.lang.String)[pri:1, instance:com.persistent.daisy.core.Test_Cases@58cbafc2] output={null}]]]>
              </value>
            </param>
          </params>
          <reporter-output>
          </reporter-output>
        </test-method> <!-- logFail -->
        <test-method duration-ms="636" finished-at="2023-02-24T14:28:36 IST" is-config="true" name="quit" signature="quit()[pri:0, instance:com.persistent.daisy.core.Test_Cases@58cbafc2]" started-at="2023-02-24T14:28:35 IST" status="PASS">
          <reporter-output>
          </reporter-output>
        </test-method> <!-- quit -->
        <test-method duration-ms="44" finished-at="2023-02-24T14:28:36 IST" is-config="true" name="endOfExecution" signature="endOfExecution()[pri:0, instance:com.persistent.daisy.core.Test_Cases@58cbafc2]" started-at="2023-02-24T14:28:36 IST" status="PASS">
          <reporter-output>
          </reporter-output>
        </test-method> <!-- endOfExecution -->
      </class> <!-- com.persistent.daisy.core.Test_Cases -->
    </test> <!-- DaisyTestSetup -->
  </suite> <!-- Suite -->
</testng-results>
