<?xml version="1.0" encoding="UTF-8"?>
<!-- Generated by org.testng.reporters.JUnitXMLReporter -->
<testsuite ignored="0" hostname="PSL-2Q47XM3" failures="1" tests="11" name="DaisyTestSetup" time="19.933" errors="0" timestamp="2023-02-25T17:57:02 IST">
  <testcase classname="com.persistent.daisy.core.Test_Cases" name="Execute_Configuration" time="5.213">
    <failure type="java.lang.AssertionError" message="Invalid locator type submit is provided. Locator Type is case sensitive. Supported Locator Types are: cssSelector, name, tag, xpath, Link, id, label_for and className. Please refer Daisy documentation for more details.">
      <![CDATA[java.lang.AssertionError: Invalid locator type submit is provided. Locator Type is case sensitive. Supported Locator Types are: cssSelector, name, tag, xpath, Link, id, label_for and className. Please refer Daisy documentation for more details.
at com.persistent.daisy.core.browser.SeleniumUtils.toLocator(SeleniumUtils.java:2599)
at com.persistent.daisy.core.browser.SeleniumUtils.toLocator(SeleniumUtils.java:2556)
at com.persistent.daisy.core.Executor.perform(Executor.java:877)
at com.persistent.daisy.core.Executor.execute(Executor.java:586)
at com.persistent.daisy.core.Master.execute(Master.java:453)
at com.persistent.daisy.core.Test_Cases.Execute_Configuration(Test_Cases.java:230)
at java.base/java.util.ArrayList.forEach(ArrayList.java:1540)
... Removed 32 stack frames]]>
    </failure>
  </testcase> <!-- Execute_Configuration -->
  <testcase classname="com.persistent.daisy.core.Test_Cases" name="Execute_Configuration" time="0.001">
    <skipped/>
  </testcase> <!-- Execute_Configuration -->
  <testcase classname="com.persistent.daisy.core.Test_Cases" name="Execute_Configuration" time="0.0">
    <skipped/>
  </testcase> <!-- Execute_Configuration -->
  <testcase classname="com.persistent.daisy.core.Test_Cases" name="Execute_Configuration" time="0.001">
    <skipped/>
  </testcase> <!-- Execute_Configuration -->
  <testcase classname="com.persistent.daisy.core.Test_Cases" name="Execute_Configuration" time="0.001">
    <skipped/>
  </testcase> <!-- Execute_Configuration -->
  <testcase classname="com.persistent.daisy.core.Test_Cases" name="Execute_Configuration" time="0.0">
    <skipped/>
  </testcase> <!-- Execute_Configuration -->
  <testcase classname="com.persistent.daisy.core.Test_Cases" name="Execute_Configuration" time="0.0">
    <skipped/>
  </testcase> <!-- Execute_Configuration -->
  <testcase classname="com.persistent.daisy.core.Test_Cases" name="Execute_Configuration" time="0.0">
    <skipped/>
  </testcase> <!-- Execute_Configuration -->
  <testcase classname="com.persistent.daisy.core.Test_Cases" name="Execute_Configuration" time="0.001">
    <skipped/>
  </testcase> <!-- Execute_Configuration -->
  <testcase classname="com.persistent.daisy.core.Test_Cases" name="Execute_Configuration" time="0.001">
    <skipped/>
  </testcase> <!-- Execute_Configuration -->
  <testcase classname="com.persistent.daisy.core.Test_Cases" name="FailedTests" time="0.0"/>
</testsuite> <!-- DaisyTestSetup -->
