<?xml version="1.0" encoding="UTF-8"?>
<!-- Generated by org.testng.reporters.JUnitReportReporter -->
<testsuite skipped="7" hostname="GAL000310" name="com.persistent.daisy.core.Test_Cases" tests="9" failures="0" timestamp="2023-04-11T13:35:46 IST" time="21.691" errors="1">
  <testcase name="Execute_Configuration" time="0.383" classname="com.persistent.daisy.core.Test_Cases">
    <skipped/>
  </testcase> <!-- Execute_Configuration -->
  <system-out/>
  <testcase name="Execute_Configuration" time="0.001" classname="com.persistent.daisy.core.Test_Cases">
    <skipped/>
  </testcase> <!-- Execute_Configuration -->
  <system-out/>
  <testcase name="Execute_Configuration" time="0.000" classname="com.persistent.daisy.core.Test_Cases">
    <skipped/>
  </testcase> <!-- Execute_Configuration -->
  <system-out/>
  <testcase name="Execute_Configuration" time="0.001" classname="com.persistent.daisy.core.Test_Cases">
    <skipped/>
  </testcase> <!-- Execute_Configuration -->
  <system-out/>
  <testcase name="Execute_Configuration" time="0.010" classname="com.persistent.daisy.core.Test_Cases">
    <skipped/>
  </testcase> <!-- Execute_Configuration -->
  <system-out/>
  <testcase name="Execute_Configuration" time="0.000" classname="com.persistent.daisy.core.Test_Cases">
    <skipped/>
  </testcase> <!-- Execute_Configuration -->
  <system-out/>
  <testcase name="Execute_Configuration" time="0.001" classname="com.persistent.daisy.core.Test_Cases">
    <skipped/>
  </testcase> <!-- Execute_Configuration -->
  <system-out/>
  <testcase name="Execute_Configuration" time="21.292" classname="com.persistent.daisy.core.Test_Cases">
    <error type="org.openqa.selenium.TimeoutException" message="Expected condition failed: waiting for com.persistent.daisy.core.browser.SeleniumUtils$2@21c7208d (tried for 10 second(s) with 500 milliseconds interval)">
      <![CDATA[org.openqa.selenium.TimeoutException: Expected condition failed: waiting for com.persistent.daisy.core.browser.SeleniumUtils$2@21c7208d (tried for 10 second(s) with 500 milliseconds interval)
at org.openqa.selenium.support.ui.WebDriverWait.timeoutException(WebDriverWait.java:95)
at org.openqa.selenium.support.ui.FluentWait.until(FluentWait.java:272)
at com.persistent.daisy.core.browser.SeleniumUtils.waitForPageLoaded(SeleniumUtils.java:1768)
at com.persistent.daisy.ext.system.CommandHandler.handle(CommandHandler.java:514)
at com.persistent.daisy.core.ExtLoader.findCommandInChain(ExtLoader.java:187)
at com.persistent.daisy.core.browser.SeleniumUtils.performActions(SeleniumUtils.java:2505)
at com.persistent.daisy.core.Executor.perform(Executor.java:879)
at com.persistent.daisy.core.Executor.execute(Executor.java:586)
at com.persistent.daisy.core.Master.execute(Master.java:453)
at com.persistent.daisy.core.Test_Cases.Execute_Configuration(Test_Cases.java:230)
at sun.reflect.NativeMethodAccessorImpl.invoke0(Native Method)
at sun.reflect.NativeMethodAccessorImpl.invoke(NativeMethodAccessorImpl.java:62)
at sun.reflect.DelegatingMethodAccessorImpl.invoke(DelegatingMethodAccessorImpl.java:43)
at java.lang.reflect.Method.invoke(Method.java:498)
at org.testng.internal.MethodInvocationHelper.invokeMethod(MethodInvocationHelper.java:132)
at org.testng.internal.TestInvoker.invokeMethod(TestInvoker.java:599)
at org.testng.internal.TestInvoker.invokeTestMethod(TestInvoker.java:174)
at org.testng.internal.MethodRunner.runInSequence(MethodRunner.java:46)
at org.testng.internal.TestInvoker$MethodInvocationAgent.invoke(TestInvoker.java:822)
at org.testng.internal.TestInvoker.invokeTestMethods(TestInvoker.java:147)
at org.testng.internal.TestMethodWorker.invokeTestMethods(TestMethodWorker.java:146)
at org.testng.internal.TestMethodWorker.run(TestMethodWorker.java:128)
at java.util.ArrayList.forEach(ArrayList.java:1259)
at org.testng.TestRunner.privateRun(TestRunner.java:764)
at org.testng.TestRunner.run(TestRunner.java:585)
at org.testng.SuiteRunner.runTest(SuiteRunner.java:384)
at org.testng.SuiteRunner.runSequentially(SuiteRunner.java:378)
at org.testng.SuiteRunner.privateRun(SuiteRunner.java:337)
at org.testng.SuiteRunner.run(SuiteRunner.java:286)
at org.testng.SuiteRunnerWorker.runSuite(SuiteRunnerWorker.java:53)
at org.testng.SuiteRunnerWorker.run(SuiteRunnerWorker.java:96)
at org.testng.TestNG.runSuitesSequentially(TestNG.java:1218)
at org.testng.TestNG.runSuitesLocally(TestNG.java:1140)
at org.testng.TestNG.runSuites(TestNG.java:1069)
at org.testng.TestNG.run(TestNG.java:1037)
at org.apache.maven.surefire.testng.TestNGExecutor.run(TestNGExecutor.java:283)
at org.apache.maven.surefire.testng.TestNGXmlTestSuite.execute(TestNGXmlTestSuite.java:75)
at org.apache.maven.surefire.testng.TestNGProvider.invoke(TestNGProvider.java:120)
at org.apache.maven.surefire.booter.ForkedBooter.runSuitesInProcess(ForkedBooter.java:377)
at org.apache.maven.surefire.booter.ForkedBooter.execute(ForkedBooter.java:138)
at org.apache.maven.surefire.booter.ForkedBooter.run(ForkedBooter.java:465)
at org.apache.maven.surefire.booter.ForkedBooter.main(ForkedBooter.java:451)
Caused by: org.openqa.selenium.NoSuchWindowException: no such window: target window already closed
from unknown error: web view not found
  (Session info: chrome=111.0.5563.147)
Build info: version: '3.141.59', revision: 'e82be7d358', time: '2018-11-14T08:17:03'
System info: host: 'GAL000310', ip: '192.168.18.138', os.name: 'Windows 10', os.arch: 'amd64', os.version: '10.0', java.version: '1.8.0_282'
Driver info: org.openqa.selenium.chrome.ChromeDriver
Capabilities {acceptInsecureCerts: false, browserName: chrome, browserVersion: 111.0.5563.147, chrome: {chromedriverVersion: 111.0.5563.64 (c710e93d5b63..., userDataDir: C:\Users\KALASH~1\AppData\L...}, goog:chromeOptions: {debuggerAddress: localhost:53403}, javascriptEnabled: true, networkConnectionEnabled: false, pageLoadStrategy: normal, platform: WINDOWS, platformName: WINDOWS, proxy: Proxy(), setWindowRect: true, strictFileInteractability: false, timeouts: {implicit: 0, pageLoad: 300000, script: 30000}, unhandledPromptBehavior: dismiss and notify, webauthn:extension:credBlob: true, webauthn:extension:largeBlob: true, webauthn:extension:minPinLength: true, webauthn:extension:prf: true, webauthn:virtualAuthenticators: true}
Session ID: ccc7686d964496d018bb7cbc3437d729
at sun.reflect.GeneratedConstructorAccessor35.newInstance(Unknown Source)
at sun.reflect.DelegatingConstructorAccessorImpl.newInstance(DelegatingConstructorAccessorImpl.java:45)
at java.lang.reflect.Constructor.newInstance(Constructor.java:423)
at org.openqa.selenium.remote.http.W3CHttpResponseCodec.createException(W3CHttpResponseCodec.java:187)
at org.openqa.selenium.remote.http.W3CHttpResponseCodec.decode(W3CHttpResponseCodec.java:122)
at org.openqa.selenium.remote.http.W3CHttpResponseCodec.decode(W3CHttpResponseCodec.java:49)
at org.openqa.selenium.remote.HttpCommandExecutor.execute(HttpCommandExecutor.java:158)
at org.openqa.selenium.remote.service.DriverCommandExecutor.execute(DriverCommandExecutor.java:83)
at org.openqa.selenium.remote.RemoteWebDriver.execute(RemoteWebDriver.java:552)
at org.openqa.selenium.remote.RemoteWebDriver.executeScript(RemoteWebDriver.java:489)
at com.persistent.daisy.core.browser.SeleniumUtils$2.apply(SeleniumUtils.java:1764)
at com.persistent.daisy.core.browser.SeleniumUtils$2.apply(SeleniumUtils.java:1762)
at org.openqa.selenium.support.ui.FluentWait.until(FluentWait.java:249)
... 40 more
]]>
    </error>
  </testcase> <!-- Execute_Configuration -->
  <system-out/>
  <testcase name="FailedTests" time="0.003" classname="com.persistent.daisy.core.Test_Cases"/>
  <system-out/>
</testsuite> <!-- com.persistent.daisy.core.Test_Cases -->
